<?xml version="1.0" encoding="UTF-8" ?>
<testsuite 
errors="0" failures="0" hostname="AGECHOICERHYTHM.workdayinternal.com" name="test.it.just.another.scala.FizzBuzzScalaTest" tests="1" time="0.033" timestamp="2020-04-30T22:57:15">
  <properties>
[...]
</properties>
  <testcase 
  name="FizzBuzz should play the game correctly" classname="test.it.just.another.scala.FizzBuzzScalaTest" time="0.016">
</testcase>
  <system-out><![CDATA[]]></system-out>
  <system-err><![CDATA[]]></system-err>
</testsuite>
